<?xml version="1.0" encoding="UTF-8"?>
<testng-results skipped="0" failed="0" total="2" passed="2">
  <reporter-output>
  </reporter-output>
  <suite name="Suite" duration-ms="3019" started-at="2019-07-14T05:26:38Z" finished-at="2019-07-14T05:26:41Z">
    <groups>
    </groups>
    <test name="Test" duration-ms="3019" started-at="2019-07-14T05:26:38Z" finished-at="2019-07-14T05:26:41Z">
      <class name="testcases.verifyAPI">
        <test-method status="PASS" signature="setUp()[pri:0, instance:testcases.verifyAPI@79b4d0f]" name="setUp" is-config="true" duration-ms="658" started-at="2019-07-13T22:26:37Z" finished-at="2019-07-13T22:26:38Z">
          <reporter-output>
          </reporter-output>
        </test-method> <!-- setUp -->
        <test-method status="PASS" signature="verifyContent()[pri:0, instance:testcases.verifyAPI@79b4d0f]" name="verifyContent" duration-ms="2831" started-at="2019-07-13T22:26:38Z" finished-at="2019-07-13T22:26:40Z">
          <reporter-output>
          </reporter-output>
        </test-method> <!-- verifyContent -->
        <test-method status="PASS" signature="verifyStatus()[pri:0, instance:testcases.verifyAPI@79b4d0f]" name="verifyStatus" duration-ms="175" started-at="2019-07-13T22:26:40Z" finished-at="2019-07-13T22:26:41Z">
          <reporter-output>
          </reporter-output>
        </test-method> <!-- verifyStatus -->
      </class> <!-- testcases.verifyAPI -->
    </test> <!-- Test -->
  </suite> <!-- Suite -->
</testng-results>
