<?xml version="1.0" encoding="UTF-8"?>
<testng-results skipped="0" failed="0" total="1" passed="1">
  <reporter-output>
  </reporter-output>
  <suite name="Suite" duration-ms="1570" started-at="2019-07-10T02:25:57Z" finished-at="2019-07-10T02:25:58Z">
    <groups>
    </groups>
    <test name="Test" duration-ms="1570" started-at="2019-07-10T02:25:57Z" finished-at="2019-07-10T02:25:58Z">
      <class name="testcases.verifyAPI2">
        <test-method status="PASS" signature="setUp()[pri:0, instance:testcases.verifyAPI2@7006c658]" name="setUp" is-config="true" duration-ms="313" started-at="2019-07-09T19:25:56Z" finished-at="2019-07-09T19:25:57Z">
          <reporter-output>
          </reporter-output>
        </test-method> <!-- setUp -->
        <test-method status="PASS" signature="verifyContent()[pri:0, instance:testcases.verifyAPI2@7006c658]" name="verifyContent" duration-ms="1562" started-at="2019-07-09T19:25:57Z" finished-at="2019-07-09T19:25:58Z">
          <reporter-output>
          </reporter-output>
        </test-method> <!-- verifyContent -->
      </class> <!-- testcases.verifyAPI2 -->
    </test> <!-- Test -->
  </suite> <!-- Suite -->
</testng-results>
