<?xml version="1.0" encoding="UTF-8"?>
<testng-results skipped="0" failed="0" total="1" passed="1">
  <reporter-output>
  </reporter-output>
  <suite name="Default suite" duration-ms="1545" started-at="2019-07-14T05:22:24Z" finished-at="2019-07-14T05:22:26Z">
    <groups>
    </groups>
    <test name="Default test" duration-ms="1545" started-at="2019-07-14T05:22:24Z" finished-at="2019-07-14T05:22:26Z">
      <class name="testcases.verifyAPI2">
        <test-method status="PASS" signature="setUp()[pri:0, instance:testcases.verifyAPI2@7907ec20]" name="setUp" is-config="true" duration-ms="297" started-at="2019-07-13T22:22:24Z" finished-at="2019-07-13T22:22:24Z">
          <reporter-output>
          </reporter-output>
        </test-method> <!-- setUp -->
        <test-method status="PASS" signature="verifyContent()[pri:0, instance:testcases.verifyAPI2@7907ec20]" name="verifyContent" duration-ms="1537" started-at="2019-07-13T22:22:24Z" finished-at="2019-07-13T22:22:26Z">
          <reporter-output>
          </reporter-output>
        </test-method> <!-- verifyContent -->
      </class> <!-- testcases.verifyAPI2 -->
    </test> <!-- Default test -->
  </suite> <!-- Default suite -->
</testng-results>
